<?xml version="1.0" encoding="UTF-8"?>
<testng-results ignored="0" total="1" passed="1" failed="0" skipped="0">
  <reporter-output>
  </reporter-output>
  <suite started-at="2022-09-12T18:22:49 IST" name="Default suite" finished-at="2022-09-12T18:22:53 IST" duration-ms="3692">
    <groups>
    </groups>
    <test started-at="2022-09-12T18:22:49 IST" name="Default test" finished-at="2022-09-12T18:22:53 IST" duration-ms="3692">
      <class name="com.Gooogle.tests.GoogleHomePageTest">
        <test-method is-config="true" signature="testSetUp()[pri:0, instance:com.Gooogle.tests.GoogleHomePageTest@6babf3bf]" started-at="2022-09-12T18:22:50 IST" name="testSetUp" finished-at="2022-09-12T18:22:51 IST" duration-ms="1775" status="PASS">
          <reporter-output>
          </reporter-output>
        </test-method> <!-- testSetUp -->
        <test-method signature="verifyGooglePageTittle()[pri:0, instance:com.Gooogle.tests.GoogleHomePageTest@6babf3bf]" started-at="2022-09-12T18:22:51 IST" name="verifyGooglePageTittle" finished-at="2022-09-12T18:22:53 IST" duration-ms="1660" status="PASS">
          <reporter-output>
          </reporter-output>
        </test-method> <!-- verifyGooglePageTittle -->
        <test-method is-config="true" signature="tearDown()[pri:0, instance:com.Gooogle.tests.GoogleHomePageTest@6babf3bf]" started-at="2022-09-12T18:22:53 IST" name="tearDown" finished-at="2022-09-12T18:22:53 IST" duration-ms="205" status="PASS">
          <reporter-output>
          </reporter-output>
        </test-method> <!-- tearDown -->
      </class> <!-- com.Gooogle.tests.GoogleHomePageTest -->
    </test> <!-- Default test -->
  </suite> <!-- Default suite -->
</testng-results>
